<?xml version="1.0" encoding="UTF-8"?>
<!-- Generated by org.testng.reporters.JUnitReportReporter -->
<testsuite hostname="Kwan-PC" failures="0" tests="5" name="TestApi" time="6.973" errors="0" timestamp="2021-05-17T00:52:47 SGT" skipped="0">
  <testcase classname="TestApi" name="test1_post" time="4.336"/>
  <system-out/>
  <testcase classname="TestApi" name="test3_patch" time="0.744"/>
  <system-out/>
  <testcase classname="TestApi" name="test5_delete" time="0.722"/>
  <system-out/>
  <testcase classname="TestApi" name="test2_put" time="0.737"/>
  <system-out/>
  <testcase classname="TestApi" name="test4_get" time="0.434"/>
  <system-out/>
</testsuite> <!-- TestApi -->
