<?xml version="1.0" encoding="UTF-8"?>
<!-- Generated by org.testng.reporters.JUnitReportReporter -->
<testsuite hostname="Kwan-PC" failures="0" tests="1" name="TestPOST" time="6.912" errors="0" timestamp="2021-05-17T00:24:38 SGT" skipped="0">
  <testcase classname="TestPOST" name="test" time="6.912"/>
  <system-out/>
</testsuite> <!-- TestPOST -->
